"../../../Engine/Content/Maps/Templates/Thumbnails/Default.uasset" 0
"../../../Engine/Content/Maps/Templates/Thumbnails/VR-Basic.uasset" 1
"../../../Engine/Content/MobileResources/T_MobileControls_texture.uasset" 2
"../../../Engine/Content/MobileResources/T_MobileMenu2.uasset" 3
"../../../Engine/Content/MobileResources/HUD/MobileHUDDirectionPad3.uasset" 4
"../../../Engine/Content/MobileResources/HUD/MobileHUDButton2_off.uasset" 5
"../../../Engine/Content/MobileResources/HUD/MobileHUDButton3.uasset" 6
"../../../Engine/Content/MobileResources/HUD/T_Castle_ThumbstickInner.uasset" 7
"../../../Engine/Content/MobileResources/HUD/MobileHUDDirectionStick.uasset" 8
"../../../Engine/Content/MobileResources/HUD/VirtualJoystick_Background.uasset" 9
"../../../Engine/Content/MobileResources/HUD/VirtualJoystick_Thumb.uasset" 10
"../../../Engine/Content/MobileResources/HUD/DefaultVirtualJoysticks.uasset" 11
"../../../Engine/Content/MobileResources/HUD/T_Castle_ThumbstickOutter.uasset" 12
"../../../Engine/Content/MobileResources/HUD/MobileHUDButton2_on.uasset" 13
"../../../Engine/Content/MobileResources/HUD/MobileHUDDirectionPad2.uasset" 14
"../../../Engine/Content/MobileResources/HUD/MobileHUDDirectionPad.uasset" 15
"../../../Engine/Content/MobileResources/HUD/AnalogHat.uasset" 16
"../../../Engine/Content/MobileResources/HUD/MobileHUDButton1_on.uasset" 17
"../../../Engine/Content/MobileResources/HUD/MobileHUDButtonFire.uasset" 18
"../../../Engine/Content/MobileResources/HUD/LeftVirtualJoystickOnly.uasset" 19
"../../../Engine/Content/MobileResources/HUD/MobileHUDButton1_off.uasset" 20
"../../../Engine/Content/Tutorial/ContentIntroCurve.uasset" 21
"../../../Engine/Content/Tutorial/Basics/TutorialAssets/icon_tab_Levels_40x.uasset" 22
"../../../Engine/Content/Tutorial/SubEditors/TutorialAssets/icon_ShowSkeletalMeshes_40x.uasset" 23
"../../../Engine/Content/Tutorial/SubEditors/TutorialAssets/icon_Editor_Preferences_General_40x.uasset" 24
"../../../Engine/Content/Tutorial/SubEditors/TutorialAssets/TutorialMaterial.uasset" 25
"../../../Engine/Content/Tutorial/SubEditors/TutorialAssets/T_SmokeSubUV_8X8.uasset" 26
"../../../Engine/Content/Tutorial/SubEditors/TutorialAssets/T_soft_smoke.uasset" 27
"../../../Engine/Content/Tutorial/SubEditors/TutorialAssets/M_smoke_subUV_blackbody.uasset" 28
"../../../Engine/Content/Tutorial/SubEditors/TutorialAssets/TutorialParticleSystem.uasset" 29
"../../../Engine/Content/Tutorial/Paper2D/TutorialAssets/Paper2DFlipbook_TutorialIcon.uasset" 30
"../../../Engine/Content/Tutorial/Paper2D/TutorialAssets/Paper2DSprite_TutorialIcon.uasset" 31
"../../../Engine/Content/Tutorial/BlueprintTutorials/TutorialAssets/BlueprintMacroLibrary_64x.uasset" 32
"../../../Engine/Content/Tutorial/BlueprintTutorials/TutorialAssets/Blueprint_64x.uasset" 33
"../../../Engine/Content/Tutorial/BlueprintTutorials/TutorialAssets/BlueprintInterface_64x.uasset" 34
"../../../Engine/Content/Tutorial/BlueprintTutorials/TutorialAssets/Tutorial_BP_Interface.uasset" 35
"../../../Engine/Content/Tutorial/Foliage/TutorialAssets/Foliage.uasset" 36
"../../../Engine/Content/Tutorial/Landscape/TutorialAssets/Landscape.uasset" 37
"../../../Engine/Content/EngineResources/DefaultTextureCube.uasset" 38
"../../../Engine/Content/EngineResources/DefaultTexture.uasset" 39
"../../../Engine/Content/EngineResources/Black.uasset" 40
"../../../Engine/Content/EngineResources/StreamingPauseIcon.uasset" 41
"../../../Engine/Content/EngineResources/M_StreamingPause.uasset" 42
"../../../Engine/Content/EngineResources/GradientTexture0.uasset" 43
"../../../Engine/Content/EditorLandscapeResources/DataLayer.uasset" 44
"../../../Engine/Content/EditorLandscapeResources/LandscapeGizmo_Mat.uasset" 45
"../../../Engine/Content/EditorLandscapeResources/LandscapeGizmo_Mat_Copied.uasset" 46
"../../../Engine/Content/EditorLandscapeResources/SplineEditorMeshMat.uasset" 47
"../../../Engine/Content/EditorLandscapeResources/SplineEditorMesh.uasset" 48
"../../../Engine/Content/EditorLandscapeResources/LandscapeGizmoHeight_Mat.uasset" 49
"../../../Engine/Content/EditorLandscapeResources/DefaultAlphaTexture.uasset" 50
"../../../Engine/Content/EditorSounds/Notifications/CompileSuccess.uasset" 51
"../../../Engine/Content/EditorSounds/Notifications/CompileSuccess_Cue.uasset" 52
"../../../Engine/Content/EditorSounds/Notifications/CompileFailed.uasset" 53
"../../../Engine/Content/EditorSounds/Notifications/CompileFailed_Cue.uasset" 54
"../../../Engine/Content/EditorSounds/Notifications/CompileStart_Cue.uasset" 55
"../../../Engine/Content/EditorMeshes/EditorCube.uasset" 56
"../../../Engine/Content/EditorMeshes/EditorPlane.uasset" 57
"../../../Engine/Content/EditorResources/MatineeCam_D.uasset" 58
"../../../Engine/Content/EditorMaterials/MatineeCam_mat.uasset" 59
"../../../Engine/Content/EditorMeshes/MatineeCam_SM.uasset" 60
"../../../Engine/Content/EditorMeshes/EditorCylinder.uasset" 61
"../../../Engine/Content/EditorMaterials/Thumbnails/SkySphereMaterial.uasset" 62
"../../../Engine/Content/EditorMeshes/EditorSkySphere.uasset" 63
"../../../Engine/Content/Functions/Engine_MaterialFunctions01/Shading/ConvertFromDiffSpec.uasset" 64
"../../../Engine/Content/EditorMaterials/GridMaterial.uasset" 65
"../../../Engine/Content/EditorMeshes/PhAT_FloorBox.uasset" 66
"../../../Engine/Content/EditorMeshes/EditorSphere.uasset" 67
"../../../Engine/Content/EditorMeshes/AssetViewer/Floor_Mesh.uasset" 68
"../../../Engine/Content/EditorMeshes/AssetViewer/Sphere_inversenormals.uasset" 69
"../../../Engine/Content/EditorMaterials/Camera/CineMat.uasset" 70
"../../../Engine/Content/EditorMaterials/Camera/MI_CineMat_Rig.uasset" 71
"../../../Engine/Content/EditorMeshes/Camera/SM_CraneRig_Body.uasset" 72
"../../../Engine/Content/EditorMeshes/Camera/SM_RailRig_Mount.uasset" 73
"../../../Engine/Content/EditorMaterials/Camera/MI_CineMat_CameraBody.uasset" 74
"../../../Engine/Content/EngineDebugMaterials/M_SimpleOpaque.uasset" 75
"../../../Engine/Content/EditorMaterials/Camera/MI_CineMat_CamViewFinder.uasset" 76
"../../../Engine/Content/EditorMeshes/Camera/SM_CineCam.uasset" 77
"../../../Engine/Content/EditorMeshes/Camera/SM_CraneRig_Base.uasset" 78
"../../../Engine/Content/EditorMeshes/Camera/SM_CraneRig_Mount.uasset" 79
"../../../Engine/Content/EditorMeshes/Camera/SM_CraneRig_Arm.uasset" 80
"../../../Engine/Content/EditorMeshes/Camera/SM_RailRig_Track.uasset" 81
"../../../Engine/Content/EditorMeshes/ColorCalibrator/M_ChromeBall.uasset" 82
"../../../Engine/Content/EditorMeshes/ColorCalibrator/M_ClearCoat.uasset" 83
"../../../Engine/Content/EditorMeshes/ColorCalibrator/M_ClearCoatBlack.uasset" 84
"../../../Engine/Content/EditorMeshes/ColorCalibrator/Color_checker.uasset" 85
"../../../Engine/Content/EditorMeshes/ColorCalibrator/M_ColorGrid.uasset" 86
"../../../Engine/Content/EditorMeshes/ColorCalibrator/M_GreyBall.uasset" 87
"../../../Engine/Content/EditorMeshes/ColorCalibrator/SM_ColorCalibrator.uasset" 88
"../../../Engine/Content/EngineFonts/Faces/RobotoTiny.uasset" 89
"../../../Engine/Content/EngineFonts/RobotoTiny.uasset" 90
"../../../Engine/Content/EngineFonts/SmallFont.uasset" 91
"../../../Engine/Content/EngineFonts/Faces/RobotoBold.uasset" 92
"../../../Engine/Content/EngineFonts/Faces/RobotoBoldItalic.uasset" 93
"../../../Engine/Content/EngineFonts/Faces/RobotoItalic.uasset" 94
"../../../Engine/Content/EngineFonts/Faces/RobotoLight.uasset" 95
"../../../Engine/Content/EngineFonts/Faces/RobotoRegular.uasset" 96
"../../../Engine/Content/EngineFonts/Roboto.uasset" 97
"../../../Engine/Content/EngineFonts/TinyFont.uasset" 98
"../../../Engine/Content/EngineDamageTypes/DmgTypeBP_Environmental.uasset" 99
"../../../Engine/Content/EditorBlueprintResources/ActorMacros.uasset" 100
"../../../Engine/Content/ArtTools/RenderToTexture/Enums/RenderToTexture_Enum.uasset" 101
"../../../Engine/Content/ArtTools/RenderToTexture/Enums/RenderToTexture_Imposter_Enum.uasset" 102
"../../../Engine/Content/ArtTools/RenderToTexture/Enums/RenderToTexture_Flipbook_Enum.uasset" 103
"../../../Engine/Content/Functions/Engine_MaterialFunctions01/Opacity/CameraDepthFade.uasset" 104
"../../../Engine/Content/EngineMaterials/T_Default_Material_Grid_M.uasset" 105
"../../../Engine/Content/EngineMaterials/T_Default_Material_Grid_N.uasset" 106
"../../../Engine/Content/EngineMaterials/WorldGridMaterial.uasset" 107
"../../../Engine/Content/ArtTools/RenderToTexture/Meshes/S_1_Unit_Plane.uasset" 108
"../../../Engine/Content/EditorBlueprintResources/StandardMacros.uasset" 109
"../../../Engine/Content/ArtTools/RenderToTexture/Enums/EIntTypes.uasset" 110
"../../../Engine/Content/ArtTools/RenderToTexture/Macros/RenderToTextureFunctionLibrary.uasset" 111
"../../../Engine/Content/ArtTools/RenderToTexture/Enums/EFloatTypes.uasset" 112
"../../../Engine/Content/ArtTools/RenderToTexture/Macros/RenderToTextureMacros.uasset" 113
"../../../Engine/Content/EngineResources/WhiteSquareTexture.uasset" 114
"../../../Engine/Content/EngineMaterials/Widget3DPassThrough.uasset" 115
"../../../Engine/Content/EngineMaterials/Widget3DPassThrough_Masked.uasset" 116
"../../../Engine/Content/EngineMaterials/WeightMapPlaceholderTexture.uasset" 117
"../../../Engine/Content/EngineMaterials/Widget3DPassThrough_Translucent.uasset" 118
"../../../Engine/Content/EngineMaterials/Widget3DPassThrough_Translucent_OneSided.uasset" 119
"../../../Engine/Content/EngineMaterials/PaperDiffuse.uasset" 120
"../../../Engine/Content/EngineMaterials/BlinkingCaret.uasset" 121
"../../../Engine/Content/EngineMaterials/EditorBrushMaterial.uasset" 122
"../../../Engine/Content/EngineMaterials/PaperNormal.uasset" 123
"../../../Engine/Content/Functions/Engine_MaterialFunctions02/WorldPositionOffset/CameraOffset.uasset" 124
"../../../Engine/Content/EngineMaterials/PhAT_JointLimitMaterial.uasset" 125
"../../../Engine/Content/EngineMaterials/DefaultNormal.uasset" 126
"../../../Engine/Content/Functions/Engine_MaterialFunctions02/Utility/BreakOutFloat2Components.uasset" 127
"../../../Engine/Content/EngineMaterials/HighResScreenshotCaptureRegion.uasset" 128
"../../../Engine/Content/EngineMaterials/LandscapeHolePhysicalMaterial.uasset" 129
"../../../Engine/Content/EngineMaterials/Widget3DPassThrough_Opaque.uasset" 130
"../../../Engine/Content/EngineMaterials/Widget3DPassThrough_Masked_OneSided.uasset" 131
"../../../Engine/Content/EngineMaterials/Good64x64TilingNoiseHighFreq.uasset" 132
"../../../Engine/Content/EngineMaterials/DefaultBloomKernel.uasset" 133
"../../../Engine/Content/EngineMaterials/HighResolutionScreenshotMaskFunction.uasset" 134
"../../../Engine/Content/EngineMaterials/HighResScreenshot.uasset" 135
"../../../Engine/Content/EngineMaterials/RemoveSurfaceMaterial.uasset" 136
"../../../Engine/Content/EngineMaterials/DefaultDiffuse.uasset" 137
"../../../Engine/Content/EngineMaterials/DefaultDeferredDecalMaterial.uasset" 138
"../../../Engine/Content/EngineMaterials/DefaultPostProcessMaterial.uasset" 139
"../../../Engine/Content/EngineMaterials/InvalidLightmapSettings.uasset" 140
"../../../Engine/Content/EngineMaterials/M_InvalidLightmapSettings.uasset" 141
"../../../Engine/Content/EngineMaterials/HighResScreenshotMask.uasset" 142
"../../../Engine/Content/EngineFonts/RobotoDistanceField.uasset" 143
"../../../Engine/Content/EngineMaterials/DefaultTextMaterialOpaque.uasset" 144
"../../../Engine/Content/EngineMaterials/PreintegratedSkinBRDF.uasset" 145
"../../../Engine/Content/EngineMaterials/Widget3DPassThrough_Opaque_OneSided.uasset" 146
"../../../Engine/Content/EngineMaterials/PhysMat_Rubber.uasset" 147
"../../../Engine/Content/EngineMaterials/DefaultBokeh.uasset" 148
"../../../Engine/Content/EngineMaterials/DefaultLightFunctionMaterial.uasset" 149
"../../../Engine/Content/EngineMaterials/Grid_N.uasset" 150
"../../../Engine/Content/EngineDebugMaterials/DebugEditorMaterial.uasset" 151
"../../../Engine/Content/EngineDebugMaterials/VertexColorMaterial.uasset" 152
"../../../Engine/Content/EngineDebugMaterials/GeomMaterial.uasset" 153
"../../../Engine/Content/EngineDebugMaterials/WireframeMaterial.uasset" 154
"../../../Engine/Content/EngineDebugMaterials/HeatmapGradient.uasset" 155
"../../../Engine/Content/EngineDebugMaterials/BoneWeightMaterial.uasset" 156
"../../../Engine/Content/EngineDebugMaterials/VertexColorViewMode_BlueOnly.uasset" 157
"../../../Engine/Content/EngineDebugMaterials/LevelColorationLitMaterial.uasset" 158
"../../../Engine/Content/EngineDebugMaterials/VertexColorViewMode_AlphaAsColor.uasset" 159
"../../../Engine/Content/EngineDebugMaterials/VertexColorViewMode_RedOnly.uasset" 160
"../../../Engine/Content/EngineDebugMaterials/ShadedLevelColorationUnlitMateri.uasset" 161
"../../../Engine/Content/EngineDebugMaterials/ClothMaterial.uasset" 162
"../../../Engine/Content/EngineDebugMaterials/ClothMaterial_WF.uasset" 163
"../../../Engine/Content/EngineDebugMaterials/VertexColorViewMode_GreenOnly.uasset" 164
"../../../Engine/Content/EngineMaterials/DefaultWhiteGrid.uasset" 165
"../../../Engine/Content/EngineDebugMaterials/MAT_LevelColorationLitLightmapUV.uasset" 166
"../../../Engine/Content/EngineDebugMaterials/DebugMeshMaterial.uasset" 167
"../../../Engine/Content/EngineDebugMaterials/VertexColorViewMode_ColorOnly.uasset" 168
"../../../Engine/Content/EngineDebugMaterials/M_SimpleTranslucent.uasset" 169
"../../../Engine/Content/EngineDebugMaterials/LevelColorationUnlitMaterial.uasset" 170
"../../../Engine/Content/EngineDebugMaterials/ShadedLevelColorationLitMaterial.uasset" 171
"../../../Engine/Content/EditorResources/S_Emitter.uasset" 172
"../../../Engine/Content/EditorResources/S_LevelSequence.uasset" 173
"../../../Engine/Content/EditorResources/S_Thruster.uasset" 174
"../../../Engine/Content/EditorResources/S_WindDirectional.uasset" 175
"../../../Engine/Content/EditorResources/S_KBSJoint.uasset" 176
"../../../Engine/Content/EditorResources/S_ReflActorIcon.uasset" 177
"../../../Engine/Content/EditorResources/Bad.uasset" 178
"../../../Engine/Content/EditorResources/S_DecalActorIcon.uasset" 179
"../../../Engine/Content/EditorResources/SmallFont.uasset" 180
"../../../Engine/Content/EditorResources/S_Player.uasset" 181
"../../../Engine/Content/EditorResources/S_KPrismatic.uasset" 182
"../../../Engine/Content/EditorResources/S_Note.uasset" 183
"../../../Engine/Content/EditorResources/S_VectorFieldVol.uasset" 184
"../../../Engine/Content/EditorResources/S_NavP.uasset" 185
"../../../Engine/Content/EditorResources/S_KHinge.uasset" 186
"../../../Engine/Content/EditorResources/S_ExpoHeightFog.uasset" 187
"../../../Engine/Content/EditorResources/S_FTest.uasset" 188
"../../../Engine/Content/EditorResources/S_PortalActorIcon2.uasset" 189
"../../../Engine/Content/EditorResources/SceneManager.uasset" 190
"../../../Engine/Content/EditorResources/S_TextRenderActorIcon.uasset" 191
"../../../Engine/Content/EditorResources/S_RadForce.uasset" 192
"../../../Engine/Content/EditorResources/S_Terrain.uasset" 193
"../../../Engine/Content/EditorResources/S_Trigger.uasset" 194
"../../../Engine/Content/EditorResources/S_Actor.uasset" 195
"../../../Engine/Content/EditorResources/EmptyActor.uasset" 196
"../../../Engine/Content/EditorResources/BSPVertex.uasset" 197
"../../../Engine/Content/EditorResources/MatInstActSprite.uasset" 198
"../../../Engine/Content/EditorResources/SequenceRecorder/Countdown.uasset" 199
"../../../Engine/Content/EditorResources/SequenceRecorder/RecordingIndicator.uasset" 200
"../../../Engine/Content/EditorResources/AI/S_NavLink.uasset" 201
"../../../Engine/Content/EditorResources/Spline/T_Loft_Spline.uasset" 202
"../../../Engine/Content/EditorResources/LightIcons/S_LightError.uasset" 203
"../../../Engine/Content/EditorResources/LightIcons/S_LightSpot.uasset" 204
"../../../Engine/Content/EditorResources/LightIcons/S_LightSpotMove.uasset" 205
"../../../Engine/Content/EditorResources/LightIcons/SkyLight.uasset" 206
"../../../Engine/Content/EditorResources/LightIcons/S_LightPoint.uasset" 207
"../../../Engine/Content/EditorResources/LightIcons/S_LightPointMove.uasset" 208
"../../../Engine/Content/EditorResources/LightIcons/S_LightDirectional.uasset" 209
"../../../Engine/Content/EditorResources/LightIcons/S_LightDirectionalMove.uasset" 210
"../../../Engine/Content/EngineMaterials/DefaultMaterial.uasset" 211
"../../../Engine/Content/BasicShapes/Cone.uasset" 212
"../../../Engine/Content/BasicShapes/Cylinder.uasset" 213
"../../../Engine/Content/BasicShapes/Plane.uasset" 214
"../../../Engine/Content/BasicShapes/Sphere.uasset" 215
"../../../Engine/Content/Functions/Engine_MaterialFunctions01/Texturing/ScaleUVsByCenter.uasset" 216
"../../../Engine/Content/Functions/Engine_MaterialFunctions02/ScreenResolution.uasset" 217
"../../../Engine/Content/Functions/Engine_MaterialFunctions02/Texturing/ScreenAlignedUVs.uasset" 218
"../../../Engine/Content/Functions/Engine_MaterialFunctions02/Utility/MakeFloat2.uasset" 219
"../../../Engine/Content/Functions/Engine_MaterialFunctions02/Utility/MakeFloat3.uasset" 220
"../../../Engine/Content/EngineMaterials/MiniFont.uasset" 221
"../../../Engine/Content/BufferVisualization/CustomStencil.uasset" 222
"../../../Engine/Content/BufferVisualization/LightingModel.uasset" 223
"../../../Engine/Content/BufferVisualization/SubsurfaceColor.uasset" 224
"../../../Engine/Content/BufferVisualization/WorldNormal.uasset" 225
"../../../Engine/Content/Functions/Engine_MaterialFunctions02/Utility/VectorLength.uasset" 226
"../../../Engine/Content/BufferVisualization/SceneDepthWorldUnits.uasset" 227
"../../../Engine/Content/BufferVisualization/Opacity.uasset" 228
"../../../Engine/Content/BufferVisualization/SeparateTranslucencyRGB.uasset" 229
"../../../Engine/Content/BufferVisualization/BaseColor.uasset" 230
"../../../Engine/Content/BufferVisualization/Metallic.uasset" 231
"../../../Engine/Content/BufferVisualization/MaterialAO.uasset" 232
"../../../Engine/Content/BufferVisualization/SeparateTranslucencyA.uasset" 233
"../../../Engine/Content/BufferVisualization/SceneDepth.uasset" 234
"../../../Engine/Content/BufferVisualization/Specular.uasset" 235
"../../../Engine/Content/BufferVisualization/PostTonemapHDRColor.uasset" 236
"../../../Engine/Content/BufferVisualization/SceneColor.uasset" 237
"../../../Engine/Content/BufferVisualization/PreTonemapHDRColor.uasset" 238
"../../../Engine/Content/BufferVisualization/FinalImage.uasset" 239
"../../../Engine/Content/EngineMaterials/DefaultPhysicalMaterial.uasset" 240
"../../../Engine/Content/BufferVisualization/AmbientOcclusion.uasset" 241
"../../../Engine/Content/BufferVisualization/CustomDepth.uasset" 242
"../../../Engine/Content/BufferVisualization/Roughness.uasset" 243
"../../../Engine/Content/BufferVisualization/CustomDepthWorldUnits.uasset" 244
"../../../Engine/Content/Functions/Engine_MaterialFunctions01/Shading/PowerToRoughness.uasset" 245
"../../../../../../Lillian/Documents/Game Work/Unreal Projects/AyaSnapshot/Content/Player_Assets/Maid/shoes.uasset" 246
"../../../Engine/Content/EditorMaterials/Tick.uasset" 247
"../../../Engine/Content/EditorMaterials/Tick_Mat.uasset" 248
"../../../Engine/Content/EditorMaterials/AntialiasedGridFloor.uasset" 249
"../../../Engine/Content/EditorResources/TilePatine_D.uasset" 250
"../../../Engine/Content/EditorResources/TilePatine_N.uasset" 251
"../../../Engine/Content/EngineMaterials/Grid.uasset" 252
"../../../Engine/Content/EditorMaterials/PersonaFloorMat.uasset" 253
"../../../Engine/Content/EditorMaterials/WidgetMaterial_X.uasset" 254
"../../../Engine/Content/EditorMaterials/WidgetMaterial_Z.uasset" 255
"../../../Engine/Content/EditorMaterials/PreviewShadowIndicator.uasset" 256
"../../../Engine/Content/EditorMaterials/PreviewShadowIndicatorMaterial.uasset" 257
"../../../Engine/Content/EditorMaterials/GizmoMaterial.uasset" 258
"../../../Engine/Content/EditorMaterials/WidgetMaterial.uasset" 259
"../../../Engine/Content/EditorMaterials/PhAT_NoCollisionMaterial.uasset" 260
"../../../Engine/Content/EditorMaterials/PhAT_BoneSelectedMaterial.uasset" 261
"../../../Engine/Content/EditorMaterials/Cross.uasset" 262
"../../../Engine/Content/EditorMaterials/Cross_Mat.uasset" 263
"../../../Engine/Content/Functions/Engine_MaterialFunctions02/Utility/Sign.uasset" 264
"../../../Engine/Content/Functions/Engine_MaterialFunctions02/Utility/Round.uasset" 265
"../../../Engine/Content/Functions/Engine_MaterialFunctions02/ExampleContent/Textures/flipbook.uasset" 266
"../../../Engine/Content/Functions/Engine_MaterialFunctions02/Texturing/FlipBook.uasset" 267
"../../../Engine/Content/EditorResources/T_EditorHelp.uasset" 268
"../../../Engine/Content/EditorMaterials/HelpActorMaterial.uasset" 269
"../../../Engine/Content/EditorMaterials/WidgetMaterial_Y.uasset" 270
"../../../Engine/Content/EditorMaterials/TargetIcon.uasset" 271
"../../../Engine/Content/EditorMaterials/WidgetVertexColorMaterial.uasset" 272
"../../../Engine/Content/EditorMaterials/WidgetMaterial_Current.uasset" 273
"../../../Engine/Content/EditorMaterials/CompositeARGBLayer.uasset" 274
"../../../Engine/Content/EditorMaterials/TilingAALineIntegral.uasset" 275
"../../../Engine/Content/EditorMaterials/TilingAALineBoxFiltered.uasset" 276
"../../../Engine/Content/Functions/Engine_MaterialFunctions03/Procedurals/ComputeFilterWidth.uasset" 277
"../../../Engine/Content/EditorMaterials/TilingAADots.uasset" 278
"../../../Engine/Content/EditorMaterials/Cascade/CASC_Cross.uasset" 279
"../../../Engine/Content/EditorMaterials/Cascade/CASC_None.uasset" 280
"../../../Engine/Content/Functions/Engine_MaterialFunctions03/Blends/Blend_Screen.uasset" 281
"../../../Engine/Content/EditorMaterials/TilingAAGrid.uasset" 282
"../../../Engine/Content/EditorMaterials/LevelGridMaterial.uasset" 283
"../../../Engine/Content/EditorMaterials/MAT_Groups_Toggle.uasset" 284
"../../../Engine/Content/EditorMaterials/PhAT_ElemSelectedMaterial.uasset" 285
"../../../Engine/Content/EditorMaterials/WidgetGridVertexColorMaterial.uasset" 286
"../../../Engine/Content/EditorMaterials/WidgetGridVertexColorMaterial_Ma.uasset" 287
"../../../Engine/Content/EditorMaterials/PhAT_UnselectedMaterial.uasset" 288
"../../../Engine/Content/EditorMaterials/MAT_Groups_Visibility.uasset" 289
"../../../Engine/Content/EditorMaterials/MakeCompositeARGBLayer.uasset" 290
"../../../Engine/Content/EditorResources/LevelGrid1DStripes.uasset" 291
"../../../Engine/Content/EditorMaterials/TextureGridCascaded1D.uasset" 292
"../../../Engine/Content/EditorMaterials/TextureGridCascaded2D.uasset" 293
"../../../Engine/Content/EditorMaterials/LevelGridMaterial2.uasset" 294
"../../../Engine/Content/EditorMaterials/AssetViewer/EpicQuadPanorama_CC+EV1.uasset" 295
"../../../Engine/Content/MapTemplates/Sky/SunsetAmbientCubemap.uasset" 296
"../../../Engine/Content/EditorMaterials/AssetViewer/M_SkyBox.uasset" 297
"../../../Engine/Content/EditorMaterials/ParticleSystems/PSysThumbnail_NoImage.uasset" 298
"../../../Engine/Content/EditorMaterials/ParticleSystems/PSysThumbnail_OOD.uasset" 299
"../../../Engine/Content/EditorMaterials/MatineeGroups/MAT_Groups_Vector.uasset" 300
"../../../Engine/Content/EditorMaterials/MatineeGroups/MAT_ColorTrack.uasset" 301
"../../../Engine/Content/EditorMaterials/MatineeGroups/MAT_Groups_AudioMaster.uasset" 302
"../../../Engine/Content/EditorMaterials/MatineeGroups/MAT_Groups_Sound.uasset" 303
"../../../Engine/Content/EditorMaterials/MatineeGroups/MAT_Groups_Float.uasset" 304
"../../../Engine/Content/EditorMaterials/MatineeGroups/MAT_Groups_Director.uasset" 305
"../../../Engine/Content/EditorMaterials/MatineeGroups/MAT_Groups_Move.uasset" 306
"../../../Engine/Content/EditorMaterials/MatineeGroups/MAT_Groups_Event.uasset" 307
"../../../Engine/Content/EditorMaterials/MatineeGroups/MAT_Groups_Fade.uasset" 308
"../../../Engine/Content/EditorMaterials/MatineeGroups/MAT_Groups_Anim.uasset" 309
"../../../Engine/Content/EditorMaterials/MatineeGroups/MAT_Groups_Slomo.uasset" 310
"../../../Engine/Content/EditorMaterials/Thumbnails/FloorPlaneMaterial.uasset" 311
"../../../Engine/Content/EngineSounds/Master.uasset" 312
"../../../Engine/Content/EngineMeshes/Cube.uasset" 313
"../../../Engine/Content/EngineMeshes/Cylinder.uasset" 314
"../../../Engine/Content/EngineMeshes/Sphere.uasset" 315
"../../../Engine/Content/VREditor/Devices/Vive/UE4_Logo.uasset" 316
"../../../Engine/Content/VREditor/UI/M_ContentWindow.uasset" 317
"../../../Engine/Content/VREditor/UI/SM_ContentWindow_01.uasset" 318
"../../../Engine/Content/VREditor/UI/ArrowMaterial.uasset" 319
"../../../Engine/Content/VREditor/UI/SM_Radial_Pointer.uasset" 320
"../../../Engine/Content/VREditor/UI/KeyDiskMaterial.uasset" 321
"../../../Engine/Content/VREditor/UI/DiscMaterial.uasset" 322
"../../../Engine/Content/VREditor/UI/SM_Radial_Disk.uasset" 323
"../../../Engine/Content/VREditor/FloatingText/LineMaterial.uasset" 324
"../../../Engine/Content/VREditor/FloatingText/JointSphere.uasset" 325
"../../../Engine/Content/VREditor/FloatingText/LineSegmentCylinder.uasset" 326
"../../../Engine/Content/VREditor/LaserPointer/VR_LaserPower_01.uasset" 327
"../../../Engine/Content/VREditor/TransformGizmo/TransformGizmoMaterial.uasset" 328
"../../../Engine/Content/VREditor/TransformGizmo/TranslucentTransformGizmoMaterial.uasset" 329
"../../../Engine/Content/VREditor/TransformGizmo/PlaneTranslationHandle.uasset" 330
"../../../Engine/Content/VREditor/TransformGizmo/Main.uasset" 331
"../../../Engine/Content/VREditor/TransformGizmo/Xray.uasset" 332
"../../../Engine/Content/VREditor/TransformGizmo/SM_Sequencer_Key.uasset" 333
"../../../Engine/Content/VREditor/TransformGizmo/BoundingBoxCorner.uasset" 334
"../../../Engine/Content/VREditor/TransformGizmo/SM_Dialog_Move.uasset" 335
"../../../Engine/Content/VREditor/TransformGizmo/SM_Dialog_Close.uasset" 336
"../../../Engine/Content/VREditor/TransformGizmo/TranslucentTransformGizmoMaterial_Inst.uasset" 337
"../../../Engine/Content/VREditor/TransformGizmo/TransformGizmoMaterial_Inst.uasset" 338
"../../../Engine/Content/VREditor/TransformGizmo/SM_Sequencer_Node.uasset" 339
"../../../Engine/Content/VREditor/TransformGizmo/BoundingBoxEdge.uasset" 340
"../../../Engine/Content/Functions/Engine_MaterialFunctions01/Density/ExponentialDensity.uasset" 341
"../../../Engine/Content/VREditor/WorldMovementGrid/GridPostProcess.uasset" 342
"../../../Engine/Content/Functions/Engine_MaterialFunctions01/Gradient/RadialGradient.uasset" 343
"../../../Engine/Content/VREditor/WorldMovementGrid/SimpleGrid.uasset" 344
"../../../Engine/Content/VREditor/WorldMovementGrid/GridMaterial.uasset" 345
"../../../Engine/Content/EditorLandscapeResources/FlattenHeightMat.uasset" 346
"../../../Engine/Content/VREditor/WorldMovementGrid/PlaneMesh.uasset" 347
"../../../Engine/Content/VREditor/Teleport/TeleportDirectionMaterial.uasset" 348
"../../../Engine/Content/VREditor/Teleport/TeleportDirectionMaterial_Inst.uasset" 349
"../../../Engine/Content/VREditor/Teleport/TeleportDirectionMesh.uasset" 350
"../../../Engine/Content/VREditor/Sounds/VR_teleport.uasset" 351
"../../../Engine/Content/VREditor/Sounds/UI/Teleport_Mode_Entered.uasset" 352
"../../../Engine/Content/VREditor/Sounds/UI/Dockable_Window_Open.uasset" 353
"../../../Engine/Content/VREditor/Sounds/UI/Drop_Item_From_ContentBrowser.uasset" 354
"../../../Engine/Content/VREditor/Sounds/UI/Radial_Menu_FadeOut.uasset" 355
"../../../Engine/Content/VREditor/Sounds/UI/Dockable_Window_Close.uasset" 356
"../../../Engine/Content/VREditor/Sounds/UI/Floating_UI_Open-001.uasset" 357
"../../../Engine/Content/VREditor/Sounds/UI/Click_on_Button_Cue.uasset" 358
"../../../Engine/Content/VREditor/Sounds/UI/Dockable_Window_Drop.uasset" 359
"../../../Engine/Content/VREditor/Sounds/UI/Click_on_Button.uasset" 360
"../../../Engine/Content/VREditor/Sounds/UI/Dockable_Window_Pick_Up.uasset" 361
"../../../Engine/Content/VREditor/LaserPointer/LaserPointerMaterial.uasset" 362
"../../../Engine/Content/VREditor/LaserPointer/LaserPointerMaterialInst.uasset" 363
"../../../Engine/Content/VREditor/LaserPointer/TranslucentLaserPointerMaterialInst.uasset" 364
"../../../Engine/Content/VREditor/LaserPointer/LaserPointerMesh_Start.uasset" 365
"../../../Engine/Content/VREditor/LaserPointer/LaserPointerMesh.uasset" 366
"../../../Engine/Content/VREditor/LaserPointer/CursorPointer.uasset" 367
"../../../Engine/Content/VREditor/LaserPointer/LaserPointerMesh_End.uasset" 368
"../../../Engine/Content/VREditor/LaserPointer/HoverMaterial.uasset" 369
"../../../Engine/Content/VREditor/LaserPointer/TranslucentHoverMaterial.uasset" 370
"../../../Engine/Content/VREditor/LaserPointer/HoverMesh.uasset" 371
"../../../Engine/Content/VREditor/Fonts/VRText_RobotoLarge.uasset" 372
"../../../Engine/Content/VREditor/Fonts/VRTextMaterial.uasset" 373
"../../../Engine/Content/VREditor/Fonts/TranslucentVRTextMaterial.uasset" 374
"../../../Engine/Content/Functions/Engine_MaterialFunctions02/Utility/BreakOutFloat3Components.uasset" 375
"../../../Engine/Content/VREditor/Devices/Vive/VivePreController_MasksB.uasset" 376
"../../../Engine/Content/VREditor/Devices/Oculus/OculusControllerMaterial.uasset" 377
"../../../Engine/Content/VREditor/Devices/Oculus/OculusControllerMaterial_Inst.uasset" 378
"../../../Engine/Content/VREditor/Devices/Oculus/OculusControllerMesh.uasset" 379
"../../../Engine/Content/VREditor/Devices/Vive/T_VivePreController_EM.uasset" 380
"../../../Engine/Content/VREditor/Devices/Vive/VivePreController_MasksA.uasset" 381
"../../../Engine/Content/VREditor/Devices/Vive/VivePreControllerDiffuse.uasset" 382
"../../../Engine/Content/VREditor/Devices/Vive/VivePreControllerSpec.uasset" 383
"../../../Engine/Content/VREditor/Devices/Vive/VivePreControllerMaterial.uasset" 384
"../../../Engine/Content/VREditor/Devices/Vive/VivePreControllerMaterial_Inst.uasset" 385
"../../../Engine/Content/VREditor/Devices/Vive/VivePreControllerMesh.uasset" 386
"../../../Engine/Content/VREditor/Devices/Generic/GenericHMDMaterial.uasset" 387
"../../../Engine/Content/VREditor/Devices/Generic/GenericHMD.uasset" 388
"../../../Engine/Content/MapTemplates/Sky/DaylightAmbientCubemap.uasset" 389
"../../Plugins/Marketplace/LowEntryExtStdLib/Content/Blueprints/LowEntryExtendedStandardLibraryMacros.uasset" 390
"../../../Engine/Content/Functions/Engine_MaterialFunctions02/Utility/MakeFloat4.uasset" 391
"../../Plugins/Runtime/AppleARKit/Content/ARKitCameraMaterial.uasset" 392
"../../Plugins/2D/Paper2D/Content/DefaultSpriteMaterial.uasset" 393
"../../Plugins/2D/Paper2D/Content/OpaqueUnlitSpriteMaterial.uasset" 394
"../../Plugins/2D/Paper2D/Content/PlaceholderTextures/DummySpriteTexture.uasset" 395
"../../Plugins/2D/Paper2D/Content/DummySprite.uasset" 396
"../../Plugins/2D/Paper2D/Content/DefaultPaperTerrainMaterial.uasset" 397
"../../Plugins/2D/Paper2D/Content/MaskedUnlitSpriteMaterial.uasset" 398
"../../Plugins/Media/MediaCompositing/Content/DefaultMediaPlaneTexture.uasset" 399
"../../Plugins/Media/MediaCompositing/Content/DefaultMediaPlaneMaterial.uasset" 400
"../../../Engine/Content/Maps/Entry.umap" 401
"../../../../../../Lillian/Documents/Game Work/Unreal Projects/AyaSnapshot/Content/Player_Assets/Maid/maid_Skeleton.uasset" 402
"../../../../../../Lillian/Documents/Game Work/Unreal Projects/AyaSnapshot/Content/Player_Assets/Maid/maid_Anim_MaidObject_Idle.uasset" 403
"../../../../../../Lillian/Documents/Game Work/Unreal Projects/AyaSnapshot/Content/Player_Assets/Maid/maid_Anim_MaidObject_Walk.uasset" 404
"../../../../../../Lillian/Documents/Game Work/Unreal Projects/AyaSnapshot/Content/Player_Assets/Maid/Maid_IdleWalk.uasset" 405
"../../../../../../Lillian/Documents/Game Work/Unreal Projects/AyaSnapshot/Content/Player_Assets/Maid/maid_Skeleton_AnimBlueprint.uasset" 406
"../../../../../../Lillian/Documents/Game Work/Unreal Projects/AyaSnapshot/Content/AI_BP/SearchBlackboard.uasset" 407
"../../../../../../Lillian/Documents/Game Work/Unreal Projects/AyaSnapshot/Content/AI_BP/AgroCheck.uasset" 408
"../../../../../../Lillian/Documents/Game Work/Unreal Projects/AyaSnapshot/Content/AI_BP/CaughtMoveTo.uasset" 409
"../../../../../../Lillian/Documents/Game Work/Unreal Projects/AyaSnapshot/Content/AI_BP/Patrol_Points.uasset" 410
"../../../../../../Lillian/Documents/Game Work/Unreal Projects/AyaSnapshot/Content/AI_BP/Patrol.uasset" 411
"../../../../../../Lillian/Documents/Game Work/Unreal Projects/AyaSnapshot/Content/AI_BP/SearchBT.uasset" 412
"../../../../../../Lillian/Documents/Game Work/Unreal Projects/AyaSnapshot/Content/AI_BP/Search_AI_CON.uasset" 413
"../../../../../../Lillian/Documents/Game Work/Unreal Projects/AyaSnapshot/Content/Player_Assets/Maid/a.uasset" 414
"../../../../../../Lillian/Documents/Game Work/Unreal Projects/AyaSnapshot/Content/Player_Assets/Maid/a_Mat.uasset" 415
"../../../../../../Lillian/Documents/Game Work/Unreal Projects/AyaSnapshot/Content/Player_Assets/Maid/BroomUVMapTexture.uasset" 416
"../../../../../../Lillian/Documents/Game Work/Unreal Projects/AyaSnapshot/Content/Player_Assets/Maid/BroomUVMapTexture_Mat.uasset" 417
"../../../../../../Lillian/Documents/Game Work/Unreal Projects/AyaSnapshot/Content/Player_Assets/Maid/e9bb92e69c8d.uasset" 418
"../../../../../../Lillian/Documents/Game Work/Unreal Projects/AyaSnapshot/Content/Player_Assets/Maid/e9bb92e69c8de382a2e382afe382bbe382b5e383aa.uasset" 419
"../../../../../../Lillian/Documents/Game Work/Unreal Projects/AyaSnapshot/Content/Player_Assets/Maid/eye.uasset" 420
"../../../../../../Lillian/Documents/Game Work/Unreal Projects/AyaSnapshot/Content/Player_Assets/Maid/eye_Mat.uasset" 421
"../../../../../../Lillian/Documents/Game Work/Unreal Projects/AyaSnapshot/Content/Player_Assets/Maid/face.uasset" 422
"../../../../../../Lillian/Documents/Game Work/Unreal Projects/AyaSnapshot/Content/Player_Assets/Maid/face_Mat.uasset" 423
"../../../../../../Lillian/Documents/Game Work/Unreal Projects/AyaSnapshot/Content/Player_Assets/Maid/Textures/hair.uasset" 424
"../../../../../../Lillian/Documents/Game Work/Unreal Projects/AyaSnapshot/Content/Player_Assets/Maid/hair.uasset" 425
"../../../../../../Lillian/Documents/Game Work/Unreal Projects/AyaSnapshot/Content/Player_Assets/Maid/Textures/skin.uasset" 426
"../../../../../../Lillian/Documents/Game Work/Unreal Projects/AyaSnapshot/Content/Player_Assets/Maid/skin.uasset" 427
"../../../../../../Lillian/Documents/Game Work/Unreal Projects/AyaSnapshot/Content/Player_Assets/Maid/White_Mat.uasset" 428
"../../../../../../Lillian/Documents/Game Work/Unreal Projects/AyaSnapshot/Content/Player_Assets/Maid/maid_PhysicsAsset.uasset" 429
"../../../../../../Lillian/Documents/Game Work/Unreal Projects/AyaSnapshot/Content/Player_Assets/Maid/maid.uasset" 430
"../../../../../../Lillian/Documents/Game Work/Unreal Projects/AyaSnapshot/Content/AI_BP/AI_Character.uasset" 431
"../../../../../../Lillian/Documents/Game Work/Unreal Projects/AyaSnapshot/Content/Essentials/PhotoObjective_BP.uasset" 432
"../../../Engine/Content/EngineSky/C_Sky_Cloud_Color.uasset" 433
"../../../Engine/Content/EngineSky/C_Sky_Horizon_Color.uasset" 434
"../../../Engine/Content/EngineSky/C_Sky_Zenith_Color.uasset" 435
"../../../Engine/Content/EngineSky/T_Sky_Blue.uasset" 436
"../../../Engine/Content/EngineSky/T_Sky_Clouds_M.uasset" 437
"../../../Engine/Content/EngineSky/T_Sky_Stars.uasset" 438
"../../../Engine/Content/EngineSky/M_Sky_Panning_Clouds2.uasset" 439
"../../../Engine/Content/EngineSky/SM_SkySphere.uasset" 440
"../../../Engine/Content/EngineSky/BP_Sky_Sphere.uasset" 441
"../../../../../../Lillian/Documents/Game Work/Unreal Projects/AyaSnapshot/Content/Player_Assets/Aya/AyaMesh_Skeleton.uasset" 442
"../../../../../../Lillian/Documents/Game Work/Unreal Projects/AyaSnapshot/Content/Player_Assets/Aya/AyaMesh_Anim_Aya_Idle.uasset" 443
"../../../../../../Lillian/Documents/Game Work/Unreal Projects/AyaSnapshot/Content/Player_Assets/Aya/AyaMesh_Anim_Aya_Walk.uasset" 444
"../../../../../../Lillian/Documents/Game Work/Unreal Projects/AyaSnapshot/Content/Player_Assets/Aya/AyaIdleWalk.uasset" 445
"../../../../../../Lillian/Documents/Game Work/Unreal Projects/AyaSnapshot/Content/Player_Assets/Aya/AyaAnimBP.uasset" 446
"../../../../../../Lillian/Documents/Game Work/Unreal Projects/AyaSnapshot/Content/Libraries/NumberFunctions.uasset" 447
"../../../../../../Lillian/Documents/Game Work/Unreal Projects/AyaSnapshot/Content/Player_Assets/SnapshotRenderTarget.uasset" 448
"../../../../../../Lillian/Documents/Game Work/Unreal Projects/AyaSnapshot/Content/Player_Assets/SnapshotRenderTarget_Mat.uasset" 449
"../../../../../../Lillian/Documents/Game Work/Unreal Projects/AyaSnapshot/Content/UI/CameraZoomUI.uasset" 450
"../../../Engine/Content/VREditor/Sounds/UI/Camera_Shutter.uasset" 451
"../../../../../../Lillian/Documents/Game Work/Unreal Projects/AyaSnapshot/Content/Player_Assets/Aya/PantsA3.uasset" 452
"../../../../../../Lillian/Documents/Game Work/Unreal Projects/AyaSnapshot/Content/Player_Assets/Aya/e381b1e38293e381a4_006.uasset" 453
"../../../../../../Lillian/Documents/Game Work/Unreal Projects/AyaSnapshot/Content/Player_Assets/Aya/Eff.uasset" 454
"../../../../../../Lillian/Documents/Game Work/Unreal Projects/AyaSnapshot/Content/Player_Assets/Aya/e382ace383bce383b3e38081e68092e3828ae38081e99fb3e7aca6e3808_005.uasset" 455
"../../../../../../Lillian/Documents/Game Work/Unreal Projects/AyaSnapshot/Content/Player_Assets/Aya/SkirtA1.uasset" 456
"../../../../../../Lillian/Documents/Game Work/Unreal Projects/AyaSnapshot/Content/Player_Assets/Aya/e382b9e382abe383bce38388_006.uasset" 457
"../../../../../../Lillian/Documents/Game Work/Unreal Projects/AyaSnapshot/Content/Player_Assets/Aya/SocksE2.uasset" 458
"../../../../../../Lillian/Documents/Game Work/Unreal Projects/AyaSnapshot/Content/Player_Assets/Aya/e382bde38383e382afe382b9_006.uasset" 459
"../../../../../../Lillian/Documents/Game Work/Unreal Projects/AyaSnapshot/Content/Player_Assets/Aya/Camera.uasset" 460
"../../../../../../Lillian/Documents/Game Work/Unreal Projects/AyaSnapshot/Content/Player_Assets/Aya/e38395e382a3e383abe382bf_007.uasset" 461
"../../../../../../Lillian/Documents/Game Work/Unreal Projects/AyaSnapshot/Content/Player_Assets/Aya/e38395e382a3e383abe382bf_008.uasset" 462
"../../../../../../Lillian/Documents/Game Work/Unreal Projects/AyaSnapshot/Content/Player_Assets/Aya/e38395e383a9e38383e382b7e383a5_007.uasset" 463
"../../../../../../Lillian/Documents/Game Work/Unreal Projects/AyaSnapshot/Content/Player_Assets/Aya/e38395e383a9e38383e382b7e383a5_008.uasset" 464
"../../../../../../Lillian/Documents/Game Work/Unreal Projects/AyaSnapshot/Content/Player_Assets/Aya/e38395e383aae383ab_e381b1e38293e381a4__006.uasset" 465
"../../../../../../Lillian/Documents/Game Work/Unreal Projects/AyaSnapshot/Content/Player_Assets/Aya/e38395e383aae383ab_e382b9e382abe383bce38388__006.uasset" 466
"../../../../../../Lillian/Documents/Game Work/Unreal Projects/AyaSnapshot/Content/Player_Assets/Aya/e38395e383aae383ab_e382bde38383e382afe382b9__006.uasset" 467
"../../../../../../Lillian/Documents/Game Work/Unreal Projects/AyaSnapshot/Content/Player_Assets/Aya/e3839ce38387e382a3_007.uasset" 468
"../../../../../../Lillian/Documents/Game Work/Unreal Projects/AyaSnapshot/Content/Player_Assets/Aya/e3839ce38387e382a3_008.uasset" 469
"../../../../../../Lillian/Documents/Game Work/Unreal Projects/AyaSnapshot/Content/Player_Assets/Aya/e383ace383b3e382bae38081e38395e382a1e382a4e383b3e38380e383b_006.uasset" 470
"../../../../../../Lillian/Documents/Game Work/Unreal Projects/AyaSnapshot/Content/Player_Assets/Aya/e383ace383b3e382bae38081e38395e382a1e382a4e383b3e38380e383b_007.uasset" 471
"../../../../../../Lillian/Documents/Game Work/Unreal Projects/AyaSnapshot/Content/Player_Assets/Aya/TopsA1.uasset" 472
"../../../../../../Lillian/Documents/Game Work/Unreal Projects/AyaSnapshot/Content/Player_Assets/Aya/e4b88ae79d80_006.uasset" 473
"../../../../../../Lillian/Documents/Game Work/Unreal Projects/AyaSnapshot/Content/Player_Assets/Aya/e4b88ae79d80_e8a296e58fa3e38081e3838de382afe382bfe382a4__006.uasset" 474
"../../../../../../Lillian/Documents/Game Work/Unreal Projects/AyaSnapshot/Content/Player_Assets/Aya/Body2b_M.uasset" 475
"../../../../../../Lillian/Documents/Game Work/Unreal Projects/AyaSnapshot/Content/Player_Assets/Aya/e4bd93_007.uasset" 476
"../../../../../../Lillian/Documents/Game Work/Unreal Projects/AyaSnapshot/Content/Player_Assets/Aya/Hair.uasset" 477
"../../../../../../Lillian/Documents/Game Work/Unreal Projects/AyaSnapshot/Content/Player_Assets/Aya/e5898de9abaa_e58d8ae9808fe6988e__007.uasset" 478
"../../../../../../Lillian/Documents/Game Work/Unreal Projects/AyaSnapshot/Content/Player_Assets/Aya/Shadow.uasset" 479
"../../../../../../Lillian/Documents/Game Work/Unreal Projects/AyaSnapshot/Content/Player_Assets/Aya/e5898de9abaae382b7e383a3e38389e382a6_007.uasset" 480
"../../../../../../Lillian/Documents/Game Work/Unreal Projects/AyaSnapshot/Content/Player_Assets/Aya/Face.uasset" 481
"../../../../../../Lillian/Documents/Game Work/Unreal Projects/AyaSnapshot/Content/Player_Assets/Aya/e58fa3e58685e38081e8888ce38081e6adaf_007.uasset" 482
"../../../../../../Lillian/Documents/Game Work/Unreal Projects/AyaSnapshot/Content/Player_Assets/Aya/e6a2a8e59cb0_007.uasset" 483
"../../../../../../Lillian/Documents/Game Work/Unreal Projects/AyaSnapshot/Content/Player_Assets/Aya/e6a2a8e59cb0_008.uasset" 484
"../../../../../../Lillian/Documents/Game Work/Unreal Projects/AyaSnapshot/Content/Player_Assets/Aya/HeadDress.uasset" 485
"../../../../../../Lillian/Documents/Game Work/Unreal Projects/AyaSnapshot/Content/Player_Assets/Aya/e6af9be78e89efbca3_007.uasset" 486
"../../../../../../Lillian/Documents/Game Work/Unreal Projects/AyaSnapshot/Content/Player_Assets/Aya/e6b197e38081e6b699_006.uasset" 487
"../../../../../../Lillian/Documents/Game Work/Unreal Projects/AyaSnapshot/Content/Player_Assets/Aya/Eye.uasset" 488
"../../../../../../Lillian/Documents/Game Work/Unreal Projects/AyaSnapshot/Content/Player_Assets/Aya/e799bde79bae_007.uasset" 489
"../../../../../../Lillian/Documents/Game Work/Unreal Projects/AyaSnapshot/Content/Player_Assets/Aya/e79c89e38081e381bee381a4e6af9be38081e9bcbbe382a8e38383e382b_006.uasset" 490
"../../../../../../Lillian/Documents/Game Work/Unreal Projects/AyaSnapshot/Content/Player_Assets/Aya/e79eb3_007.uasset" 491
"../../../../../../Lillian/Documents/Game Work/Unreal Projects/AyaSnapshot/Content/Player_Assets/Aya/e79eb3e3838fe382a4e383a9e382a4e38388_007.uasset" 492
"../../../../../../Lillian/Documents/Game Work/Unreal Projects/AyaSnapshot/Content/Player_Assets/Aya/Wings.uasset" 493
"../../../../../../Lillian/Documents/Game Work/Unreal Projects/AyaSnapshot/Content/Player_Assets/Aya/e7bebd5.uasset" 494
"../../../../../../Lillian/Documents/Game Work/Unreal Projects/AyaSnapshot/Content/Player_Assets/Aya/TopsA2.uasset" 495
"../../../../../../Lillian/Documents/Game Work/Unreal Projects/AyaSnapshot/Content/Player_Assets/Aya/e88595e7aba0_006.uasset" 496
"../../../../../../Lillian/Documents/Game Work/Unreal Projects/AyaSnapshot/Content/Player_Assets/Aya/e88595e7aba0e38394e383b3_006.uasset" 497
"../../../../../../Lillian/Documents/Game Work/Unreal Projects/AyaSnapshot/Content/Player_Assets/Aya/e8a59f_006.uasset" 498
"../../../../../../Lillian/Documents/Game Work/Unreal Projects/AyaSnapshot/Content/Player_Assets/Aya/Shoes.uasset" 499
"../../../../../../Lillian/Documents/Game Work/Unreal Projects/AyaSnapshot/Content/Player_Assets/Aya/e99db4_006.uasset" 500
"../../../../../../Lillian/Documents/Game Work/Unreal Projects/AyaSnapshot/Content/Player_Assets/Aya/e99db4e5ba95_006.uasset" 501
"../../../../../../Lillian/Documents/Game Work/Unreal Projects/AyaSnapshot/Content/Player_Assets/Aya/e9a0ace381aee8b5a4e38081e69a97e38184e9a194e38081e99d92e3819_005.uasset" 502
"../../../../../../Lillian/Documents/Game Work/Unreal Projects/AyaSnapshot/Content/Player_Assets/Aya/e9a0ade8a59f_007.uasset" 503
"../../../../../../Lillian/Documents/Game Work/Unreal Projects/AyaSnapshot/Content/Player_Assets/Aya/e9a0ade8a59fe7b490efbca3_007.uasset" 504
"../../../../../../Lillian/Documents/Game Work/Unreal Projects/AyaSnapshot/Content/Player_Assets/Aya/e9a194_007.uasset" 505
"../../../../../../Lillian/Documents/Game Work/Unreal Projects/AyaSnapshot/Content/Player_Assets/Aya/e9abaa_007.uasset" 506
"../../../../../../Lillian/Documents/Game Work/Unreal Projects/AyaSnapshot/Content/Player_Assets/Aya/AyaMesh_e382abe383a1e383a9_Skeleton.uasset" 507
"../../../../../../Lillian/Documents/Game Work/Unreal Projects/AyaSnapshot/Content/Player_Assets/Aya/AyaMesh_PhysicsAsset.uasset" 508
"../../../../../../Lillian/Documents/Game Work/Unreal Projects/AyaSnapshot/Content/Player_Assets/Aya/AyaMesh.uasset" 509
"../../../../../../Lillian/Documents/Game Work/Unreal Projects/AyaSnapshot/Content/Essentials/AyaPlayerCharacter_BP.uasset" 510
"../../../../../../Lillian/Documents/Game Work/Unreal Projects/AyaSnapshot/Content/Essentials/SnapshotGameMode_BP.uasset" 511
"../../../../../../Lillian/Documents/Game Work/Unreal Projects/AyaSnapshot/Content/Room/Textures/wall1_albedo.uasset" 512
"../../../../../../Lillian/Documents/Game Work/Unreal Projects/AyaSnapshot/Content/Room/Textures/wall1_normal.uasset" 513
"../../../../../../Lillian/Documents/Game Work/Unreal Projects/AyaSnapshot/Content/Room/Textures/wall1_reflection.uasset" 514
"../../../../../../Lillian/Documents/Game Work/Unreal Projects/AyaSnapshot/Content/Room/Materials/M_Basic_Wood.uasset" 515
"../../../../../../Lillian/Documents/Game Work/Unreal Projects/AyaSnapshot/Content/Room/Textures/small_bookshelf_albedo.uasset" 516
"../../../../../../Lillian/Documents/Game Work/Unreal Projects/AyaSnapshot/Content/Room/Textures/small_bookshelf_normal.uasset" 517
"../../../../../../Lillian/Documents/Game Work/Unreal Projects/AyaSnapshot/Content/Room/Textures/small_bookshelf_reflection.uasset" 518
"../../../../../../Lillian/Documents/Game Work/Unreal Projects/AyaSnapshot/Content/Room/Materials/MI_bookshelf.uasset" 519
"../../../Engine/Content/BasicShapes/Cube.uasset" 520
"../../../../../../Lillian/Documents/Game Work/Unreal Projects/AyaSnapshot/Content/Room/smallBookShelf.uasset" 521
"../../../../../../Lillian/Documents/Game Work/Unreal Projects/AyaSnapshot/Content/Room/Bookshelf_BP.uasset" 522
"../../../../../../Lillian/Documents/Game Work/Unreal Projects/AyaSnapshot/Content/Maps/MainMap_BuiltData.uasset" 523
"../../../../../../Lillian/Documents/Game Work/Unreal Projects/AyaSnapshot/Content/Furniture/Textures/picture_1_d.uasset" 524
"../../../../../../Lillian/Documents/Game Work/Unreal Projects/AyaSnapshot/Content/Furniture/Textures/picture_1_N.uasset" 525
"../../../../../../Lillian/Documents/Game Work/Unreal Projects/AyaSnapshot/Content/Furniture/Textures/picture_1_S.uasset" 526
"../../../../../../Lillian/Documents/Game Work/Unreal Projects/AyaSnapshot/Content/Furniture/photo1.uasset" 527
"../../../../../../Lillian/Documents/Game Work/Unreal Projects/AyaSnapshot/Content/Furniture/Textures/picture_2_d.uasset" 528
"../../../../../../Lillian/Documents/Game Work/Unreal Projects/AyaSnapshot/Content/Furniture/Textures/picture_2_N.uasset" 529
"../../../../../../Lillian/Documents/Game Work/Unreal Projects/AyaSnapshot/Content/Furniture/Textures/picture_2_S.uasset" 530
"../../../../../../Lillian/Documents/Game Work/Unreal Projects/AyaSnapshot/Content/Furniture/photo2.uasset" 531
"../../../../../../Lillian/Documents/Game Work/Unreal Projects/AyaSnapshot/Content/Furniture/Textures/picture_3_d.uasset" 532
"../../../../../../Lillian/Documents/Game Work/Unreal Projects/AyaSnapshot/Content/Furniture/Textures/picture_3_N.uasset" 533
"../../../../../../Lillian/Documents/Game Work/Unreal Projects/AyaSnapshot/Content/Furniture/Textures/picture_3_S.uasset" 534
"../../../../../../Lillian/Documents/Game Work/Unreal Projects/AyaSnapshot/Content/Furniture/photo3.uasset" 535
"../../../../../../Lillian/Documents/Game Work/Unreal Projects/AyaSnapshot/Content/Furniture/Textures/picture_4_d.uasset" 536
"../../../../../../Lillian/Documents/Game Work/Unreal Projects/AyaSnapshot/Content/Furniture/Textures/picture_4_N.uasset" 537
"../../../../../../Lillian/Documents/Game Work/Unreal Projects/AyaSnapshot/Content/Furniture/Textures/picture_4_S.uasset" 538
"../../../../../../Lillian/Documents/Game Work/Unreal Projects/AyaSnapshot/Content/Furniture/photo4.uasset" 539
"../../../../../../Lillian/Documents/Game Work/Unreal Projects/AyaSnapshot/Content/Furniture/Textures/picture_5_d.uasset" 540
"../../../../../../Lillian/Documents/Game Work/Unreal Projects/AyaSnapshot/Content/Furniture/Textures/picture_5_N.uasset" 541
"../../../../../../Lillian/Documents/Game Work/Unreal Projects/AyaSnapshot/Content/Furniture/Textures/picture_5_S.uasset" 542
"../../../../../../Lillian/Documents/Game Work/Unreal Projects/AyaSnapshot/Content/Furniture/photo5.uasset" 543
"../../../../../../Lillian/Documents/Game Work/Unreal Projects/AyaSnapshot/Content/Furniture/blinn3.uasset" 544
"../../../../../../Lillian/Documents/Game Work/Unreal Projects/AyaSnapshot/Content/Furniture/Textures/frame1_albedo.uasset" 545
"../../../../../../Lillian/Documents/Game Work/Unreal Projects/AyaSnapshot/Content/Furniture/Textures/frame1_normal.uasset" 546
"../../../../../../Lillian/Documents/Game Work/Unreal Projects/AyaSnapshot/Content/Furniture/Textures/frame1_reflection.uasset" 547
"../../../../../../Lillian/Documents/Game Work/Unreal Projects/AyaSnapshot/Content/Furniture/Materials/M_frame.uasset" 548
"../../../../../../Lillian/Documents/Game Work/Unreal Projects/AyaSnapshot/Content/Furniture/frame1.uasset" 549
"../../../../../../Lillian/Documents/Game Work/Unreal Projects/AyaSnapshot/Content/Furniture/Textures/rockingChair_albedo.uasset" 550
"../../../../../../Lillian/Documents/Game Work/Unreal Projects/AyaSnapshot/Content/Furniture/Textures/rockingChair_normal.uasset" 551
"../../../../../../Lillian/Documents/Game Work/Unreal Projects/AyaSnapshot/Content/Furniture/Textures/rockingChair_reflection.uasset" 552
"../../../../../../Lillian/Documents/Game Work/Unreal Projects/AyaSnapshot/Content/Furniture/Materials/M_rockingChair.uasset" 553
"../../../../../../Lillian/Documents/Game Work/Unreal Projects/AyaSnapshot/Content/Furniture/rockingChair.uasset" 554
"../../../../../../Lillian/Documents/Game Work/Unreal Projects/AyaSnapshot/Content/Furniture/Textures/SmallTable_1_albedo.uasset" 555
"../../../../../../Lillian/Documents/Game Work/Unreal Projects/AyaSnapshot/Content/Furniture/Textures/SmallTable_1_normal.uasset" 556
"../../../../../../Lillian/Documents/Game Work/Unreal Projects/AyaSnapshot/Content/Furniture/Textures/SmallTable_1_reflection.uasset" 557
"../../../../../../Lillian/Documents/Game Work/Unreal Projects/AyaSnapshot/Content/Furniture/Materials/M_SmallTable1.uasset" 558
"../../../../../../Lillian/Documents/Game Work/Unreal Projects/AyaSnapshot/Content/Furniture/smallTable1.uasset" 559
"../../../../../../Lillian/Documents/Game Work/Unreal Projects/AyaSnapshot/Content/Maps/MainMap.umap" 560
